[OCR] Starting OCR Logic Verification...
Patching get_settings...
OCRService initialized. Sample text check: short (expected 'short')
Test 1: Content Refinement...
Calling refine_content with 46 chars...
Refinement result: '### Refined Content
This is a test.'
✅ Refinement Logic OK
Test 2: Vision OCR Logic...
Calling extract_from_image_vision...
Vision result: ''
❌ TEST FAILED: AssertionError: 
Traceback (most recent call last):
  File "d:\Project\Nectec26\verify_ocr.py", line 63, in test_ocr_logic
    assert result == "Vision extracted text"
           ^^^^^^^^^^^^^^^^^^^^^^^^^^^^^^^^^
AssertionError
[OCR] Starting OCR Logic Verification...
Patching get_settings...
OCRService initialized. Sample text check: short (expected 'short')
Test 1: Content Refinement...
Calling refine_content with 46 chars...
Refinement result: '### Refined Content
This is a test.'
✅ Refinement Logic OK
Test 2: Vision OCR Logic...
Calling extract_from_image_vision...
Vision result: ''
❌ TEST FAILED: AssertionError: 
Traceback (most recent call last):
  File "d:\Project\Nectec26\verify_ocr.py", line 63, in test_ocr_logic
    assert result == "Vision extracted text"
           ^^^^^^^^^^^^^^^^^^^^^^^^^^^^^^^^^
AssertionError
